TN:
SF:src/client.ts
FN:26,(anonymous_0)
FN:38,(anonymous_1)
FN:47,(anonymous_2)
FN:96,(anonymous_3)
FN:107,(anonymous_4)
FN:116,(anonymous_5)
FN:126,(anonymous_6)
FN:141,(anonymous_7)
FN:151,(anonymous_8)
FN:161,(anonymous_9)
FN:173,(anonymous_10)
FN:183,(anonymous_11)
FN:193,(anonymous_12)
FN:207,(anonymous_13)
FN:217,(anonymous_14)
FN:231,(anonymous_15)
FN:246,(anonymous_16)
FN:262,(anonymous_17)
FN:277,(anonymous_18)
FN:289,(anonymous_19)
FN:299,(anonymous_20)
FN:309,(anonymous_21)
FNF:22
FNH:8
FNDA:11,(anonymous_0)
FNDA:10,(anonymous_1)
FNDA:1,(anonymous_2)
FNDA:1,(anonymous_3)
FNDA:6,(anonymous_4)
FNDA:2,(anonymous_5)
FNDA:1,(anonymous_6)
FNDA:1,(anonymous_7)
FNDA:0,(anonymous_8)
FNDA:0,(anonymous_9)
FNDA:0,(anonymous_10)
FNDA:0,(anonymous_11)
FNDA:0,(anonymous_12)
FNDA:0,(anonymous_13)
FNDA:0,(anonymous_14)
FNDA:0,(anonymous_15)
FNDA:0,(anonymous_16)
FNDA:0,(anonymous_17)
FNDA:0,(anonymous_18)
FNDA:0,(anonymous_19)
FNDA:0,(anonymous_20)
FNDA:0,(anonymous_21)
DA:8,1
DA:9,1
DA:10,1
DA:20,1
DA:21,11
DA:22,11
DA:27,11
DA:28,1
DA:31,10
DA:32,10
DA:39,10
DA:40,1
DA:43,9
DA:45,9
DA:46,9
DA:47,9
DA:49,9
DA:50,1
DA:51,1
DA:52,1
DA:53,1
DA:59,8
DA:61,1
DA:62,1
DA:63,7
DA:65,7
DA:66,0
DA:68,0
DA:69,0
DA:70,0
DA:72,0
DA:74,0
DA:78,8
DA:86,8
DA:87,8
DA:89,0
DA:97,1
DA:98,1
DA:99,1
DA:100,1
DA:108,6
DA:117,2
DA:118,1
DA:120,2
DA:132,1
DA:133,0
DA:135,1
DA:142,1
DA:143,0
DA:145,1
DA:152,0
DA:153,0
DA:155,0
DA:162,0
DA:163,0
DA:165,0
DA:174,0
DA:175,0
DA:177,0
DA:184,0
DA:185,0
DA:187,0
DA:198,0
DA:199,0
DA:201,0
DA:208,0
DA:209,0
DA:211,0
DA:222,0
DA:223,0
DA:225,0
DA:237,0
DA:238,0
DA:240,0
DA:251,0
DA:252,0
DA:254,0
DA:268,0
DA:269,0
DA:271,0
DA:278,0
DA:279,0
DA:281,0
DA:290,0
DA:291,0
DA:293,0
DA:300,0
DA:301,0
DA:303,0
DA:310,0
DA:311,0
DA:313,0
LF:92
LH:41
BRDA:27,0,0,1
BRDA:39,1,0,1
BRDA:49,2,0,1
BRDA:59,3,0,1
BRDA:59,3,1,7
BRDA:63,4,0,7
BRDA:63,4,1,0
BRDA:66,5,0,0
BRDA:66,5,1,0
BRDA:70,6,0,0
BRDA:70,6,1,0
BRDA:81,7,0,8
BRDA:81,7,1,8
BRDA:89,8,0,0
BRDA:89,8,1,0
BRDA:97,9,0,1
BRDA:108,10,0,6
BRDA:108,10,1,4
BRDA:117,11,0,1
BRDA:132,12,0,0
BRDA:142,13,0,0
BRDA:152,14,0,0
BRDA:161,15,0,0
BRDA:162,16,0,0
BRDA:174,17,0,0
BRDA:184,18,0,0
BRDA:198,19,0,0
BRDA:208,20,0,0
BRDA:222,21,0,0
BRDA:237,22,0,0
BRDA:251,23,0,0
BRDA:268,24,0,0
BRDA:277,25,0,0
BRDA:278,26,0,0
BRDA:289,27,0,0
BRDA:290,28,0,0
BRDA:299,29,0,0
BRDA:300,30,0,0
BRDA:309,31,0,0
BRDA:310,32,0,0
BRF:40
BRH:12
end_of_record
TN:
SF:src/constant/collections.ts
FN:18,getUserTasks
FN:36,getUserTask
FN:57,getUserTaskMessages
FN:79,getUserTaskMessage
FN:102,getUserTaskEvents
FN:120,getUserTaskEvent
FNF:6
FNH:3
FNDA:16,getUserTasks
FNDA:11,getUserTask
FNDA:3,getUserTaskMessages
FNDA:0,getUserTaskMessage
FNDA:0,getUserTaskEvents
FNDA:0,getUserTaskEvent
DA:18,2
DA:19,16
DA:20,0
DA:22,16
DA:36,2
DA:37,11
DA:38,0
DA:40,11
DA:41,0
DA:43,11
DA:57,2
DA:58,3
DA:59,0
DA:61,3
DA:62,0
DA:64,3
DA:79,2
DA:80,0
DA:81,0
DA:83,0
DA:84,0
DA:86,0
DA:87,0
DA:89,0
DA:102,2
DA:103,0
DA:104,0
DA:106,0
DA:120,2
DA:121,0
DA:122,0
DA:124,0
DA:125,0
DA:127,0
LF:34
LH:14
BRDA:19,0,0,0
BRDA:37,1,0,0
BRDA:40,2,0,0
BRDA:58,3,0,0
BRDA:61,4,0,0
BRDA:80,5,0,0
BRDA:83,6,0,0
BRDA:86,7,0,0
BRDA:103,8,0,0
BRDA:121,9,0,0
BRDA:124,10,0,0
BRF:11
BRH:0
end_of_record
TN:
SF:src/schemas/task.ts
FNF:0
FNH:0
DA:8,2
DA:14,2
DA:30,2
DA:44,2
DA:56,2
DA:68,2
DA:80,2
DA:90,2
DA:111,2
DA:131,2
DA:139,2
DA:145,2
DA:151,2
LF:13
LH:13
BRF:0
BRH:0
end_of_record
TN:
SF:src/services/task-database.service.ts
FN:18,(anonymous_0)
FN:25,(anonymous_1)
FN:37,(anonymous_2)
FN:88,(anonymous_3)
FN:111,(anonymous_4)
FN:128,(anonymous_5)
FN:153,(anonymous_6)
FN:162,(anonymous_7)
FN:175,(anonymous_8)
FN:185,(anonymous_9)
FN:200,(anonymous_10)
FN:225,(anonymous_11)
FN:238,(anonymous_12)
FN:247,(anonymous_13)
FN:262,(anonymous_14)
FN:279,(anonymous_15)
FN:296,(anonymous_16)
FN:305,(anonymous_17)
FN:325,(anonymous_18)
FN:340,(anonymous_19)
FN:367,(anonymous_20)
FN:380,(anonymous_21)
FN:400,(anonymous_22)
FN:417,(anonymous_23)
FN:432,(anonymous_24)
FN:445,(anonymous_25)
FN:452,(anonymous_26)
FN:459,(anonymous_27)
FN:467,(anonymous_28)
FNF:29
FNH:17
FNDA:1,(anonymous_0)
FNDA:15,(anonymous_1)
FNDA:2,(anonymous_2)
FNDA:2,(anonymous_3)
FNDA:0,(anonymous_4)
FNDA:2,(anonymous_5)
FNDA:1,(anonymous_6)
FNDA:2,(anonymous_7)
FNDA:2,(anonymous_8)
FNDA:3,(anonymous_9)
FNDA:1,(anonymous_10)
FNDA:1,(anonymous_11)
FNDA:2,(anonymous_12)
FNDA:0,(anonymous_13)
FNDA:3,(anonymous_14)
FNDA:0,(anonymous_15)
FNDA:0,(anonymous_16)
FNDA:0,(anonymous_17)
FNDA:0,(anonymous_18)
FNDA:0,(anonymous_19)
FNDA:0,(anonymous_20)
FNDA:0,(anonymous_21)
FNDA:0,(anonymous_22)
FNDA:1,(anonymous_23)
FNDA:1,(anonymous_24)
FNDA:0,(anonymous_25)
FNDA:0,(anonymous_26)
FNDA:1,(anonymous_27)
FNDA:2,(anonymous_28)
DA:8,2
DA:9,2
DA:10,2
DA:12,2
DA:13,2
DA:19,1
DA:26,15
DA:27,0
DA:29,15
DA:44,2
DA:45,2
DA:47,2
DA:76,2
DA:77,2
DA:79,2
DA:89,2
DA:90,2
DA:91,2
DA:93,2
DA:94,1
DA:97,1
DA:98,1
DA:100,1
DA:101,0
DA:102,0
DA:105,1
DA:116,0
DA:117,0
DA:119,0
DA:133,2
DA:134,2
DA:135,2
DA:141,2
DA:142,1
DA:143,1
DA:144,1
DA:147,2
DA:154,1
DA:155,1
DA:158,1
DA:159,1
DA:161,1
DA:162,1
DA:163,2
DA:167,1
DA:169,1
DA:176,2
DA:177,2
DA:179,2
DA:184,2
DA:185,2
DA:186,3
DA:187,3
DA:188,3
DA:192,2
DA:207,1
DA:208,1
DA:210,1
DA:218,1
DA:219,1
DA:230,1
DA:231,1
DA:233,1
DA:238,2
DA:252,0
DA:253,0
DA:254,0
DA:267,3
DA:268,3
DA:270,3
DA:284,0
DA:285,0
DA:287,0
DA:302,0
DA:303,0
DA:305,0
DA:306,0
DA:308,0
DA:313,0
DA:314,0
DA:316,0
DA:330,0
DA:346,0
DA:347,0
DA:349,0
DA:350,0
DA:353,0
DA:355,0
DA:356,0
DA:358,0
DA:374,0
DA:375,0
DA:377,0
DA:378,0
DA:380,0
DA:381,0
DA:383,0
DA:388,0
DA:389,0
DA:391,0
DA:406,0
DA:422,1
DA:423,1
DA:425,1
DA:431,1
DA:432,1
DA:433,1
DA:434,1
DA:435,1
DA:439,1
DA:446,0
DA:453,0
DA:464,1
DA:466,1
DA:467,1
DA:468,2
LF:116
LH:74
BRDA:19,0,0,1
BRDA:19,0,1,0
BRDA:26,1,0,0
BRDA:67,2,0,2
BRDA:67,2,1,1
BRDA:68,3,0,2
BRDA:68,3,1,2
BRDA:69,4,0,2
BRDA:69,4,1,1
BRDA:70,5,0,2
BRDA:70,5,1,1
BRDA:71,6,0,2
BRDA:71,6,1,2
BRDA:93,7,0,1
BRDA:100,8,0,0
BRDA:141,9,0,1
BRDA:141,9,1,1
BRDA:143,10,0,1
BRDA:143,11,0,1
BRDA:143,11,1,0
BRDA:175,12,0,0
BRDA:187,13,0,3
BRDA:215,14,0,1
BRDA:215,14,1,1
BRDA:228,15,0,1
BRDA:303,16,0,0
BRDA:306,17,0,0
BRDA:347,18,0,0
BRDA:349,19,0,0
BRDA:375,20,0,0
BRDA:378,21,0,0
BRDA:381,22,0,0
BRDA:420,23,0,1
BRDA:434,24,0,1
BRDA:445,25,0,0
BRDA:452,26,0,0
BRDA:462,27,0,1
BRDA:468,28,0,2
BRDA:468,28,1,1
BRF:39
BRH:25
end_of_record
TN:
SF:src/tools/index.ts
FN:47,getToolHandler
FNF:1
FNH:0
FNDA:0,getToolHandler
DA:19,0
DA:33,0
DA:48,0
LF:3
LH:0
BRF:0
BRH:0
end_of_record
TN:
SF:src/tools/task-add-message.ts
FN:37,handleTaskAddMessage
FNF:1
FNH:1
FNDA:1,handleTaskAddMessage
DA:9,1
DA:37,1
DA:46,1
DA:47,1
DA:54,1
DA:62,0
LF:6
LH:5
BRDA:62,0,0,0
BRDA:62,0,1,0
BRF:2
BRH:0
end_of_record
TN:
SF:src/tools/task-complete-task-item.ts
FN:32,handleTaskCompleteTaskItem
FN:48,(anonymous_1)
FN:50,(anonymous_2)
FN:65,(anonymous_3)
FNF:4
FNH:4
FNDA:1,handleTaskCompleteTaskItem
FNDA:1,(anonymous_1)
FNDA:2,(anonymous_2)
FNDA:2,(anonymous_3)
DA:9,1
DA:32,1
DA:36,1
DA:38,1
DA:41,1
DA:43,1
DA:44,0
DA:48,1
DA:49,1
DA:50,2
DA:53,1
DA:55,1
DA:56,1
DA:64,1
DA:65,2
DA:68,1
DA:84,0
LF:17
LH:15
BRDA:43,0,0,0
BRDA:49,1,0,1
BRDA:49,1,1,0
BRDA:53,2,0,1
BRDA:53,2,1,0
BRDA:55,3,0,1
BRDA:55,4,0,1
BRDA:55,4,1,1
BRDA:65,5,0,2
BRDA:65,5,1,1
BRDA:75,6,0,1
BRDA:75,6,1,0
BRDA:79,7,0,1
BRDA:79,7,1,0
BRDA:84,8,0,0
BRDA:84,8,1,0
BRF:16
BRH:9
end_of_record
TN:
SF:src/tools/task-create-milestone.ts
FN:37,handleTaskCreateMilestone
FNF:1
FNH:1
FNDA:1,handleTaskCreateMilestone
DA:10,1
DA:37,1
DA:41,1
DA:42,1
DA:52,1
DA:54,1
DA:65,0
LF:7
LH:6
BRDA:65,0,0,0
BRDA:65,0,1,0
BRF:2
BRH:0
end_of_record
TN:
SF:src/tools/task-create-task-item.ts
FN:45,handleTaskCreateTaskItem
FNF:1
FNH:1
FNDA:1,handleTaskCreateTaskItem
DA:10,1
DA:45,1
DA:56,1
DA:57,1
DA:65,1
DA:68,1
DA:69,1
DA:70,1
DA:71,1
DA:76,1
DA:89,0
LF:11
LH:10
BRDA:69,0,0,1
BRDA:70,1,0,1
BRDA:70,1,1,0
BRDA:89,2,0,0
BRDA:89,2,1,0
BRF:5
BRH:2
end_of_record
TN:
SF:src/tools/task-get-next-step.ts
FN:25,handleTaskGetNextStep
FN:55,(anonymous_1)
FN:69,(anonymous_2)
FN:75,(anonymous_3)
FNF:4
FNH:3
FNDA:3,handleTaskGetNextStep
FNDA:1,(anonymous_1)
FNDA:1,(anonymous_2)
FNDA:0,(anonymous_3)
DA:10,1
DA:25,1
DA:29,3
DA:30,3
DA:32,3
DA:33,0
DA:37,3
DA:38,1
DA:45,2
DA:46,0
DA:54,2
DA:55,1
DA:58,2
DA:59,1
DA:67,1
DA:68,1
DA:69,1
DA:72,1
DA:74,0
DA:75,0
DA:78,0
DA:79,0
DA:87,0
DA:105,1
DA:123,0
LF:25
LH:17
BRDA:32,0,0,0
BRDA:37,1,0,1
BRDA:45,2,0,0
BRDA:58,3,0,1
BRDA:67,4,0,1
BRDA:67,4,1,0
BRDA:72,5,0,0
BRDA:75,6,0,0
BRDA:75,6,1,0
BRDA:78,7,0,0
BRDA:120,8,0,0
BRDA:120,8,1,1
BRDA:123,9,0,0
BRDA:123,9,1,0
BRF:14
BRH:4
end_of_record
TN:
SF:src/tools/task-get-status.ts
FN:25,handleTaskGetStatus
FN:38,(anonymous_1)
FN:46,(anonymous_2)
FN:70,(anonymous_3)
FN:71,(anonymous_4)
FNF:5
FNH:5
FNDA:4,handleTaskGetStatus
FNDA:3,(anonymous_1)
FNDA:1,(anonymous_2)
FNDA:4,(anonymous_3)
FNDA:4,(anonymous_4)
DA:10,1
DA:25,1
DA:29,4
DA:30,4
DA:32,4
DA:33,1
DA:37,3
DA:38,3
DA:42,3
DA:43,3
DA:44,1
DA:45,1
DA:46,1
DA:50,3
DA:70,4
DA:71,4
DA:75,1
LF:17
LH:17
BRDA:32,0,0,1
BRDA:43,1,0,1
BRDA:43,2,0,3
BRDA:43,2,1,1
BRDA:44,3,0,1
BRDA:44,3,1,0
BRDA:55,4,0,2
BRDA:55,4,1,1
BRDA:63,5,0,1
BRDA:63,5,1,2
BRDA:75,6,0,1
BRDA:75,6,1,0
BRF:12
BRH:10
end_of_record
TN:
SF:src/tools/task-report-completion.ts
FN:39,handleTaskReportCompletion
FNF:1
FNH:0
FNDA:0,handleTaskReportCompletion
DA:12,0
DA:48,0
DA:50,0
DA:51,0
DA:60,0
DA:67,0
DA:71,0
DA:72,0
DA:74,0
DA:84,0
LF:10
LH:0
BRDA:50,0,0,0
BRDA:84,1,0,0
BRDA:84,1,1,0
BRF:3
BRH:0
end_of_record
TN:
SF:src/tools/task-update-progress.ts
FN:30,handleTaskUpdateProgress
FNF:1
FNH:1
FNDA:2,handleTaskUpdateProgress
DA:9,1
DA:30,1
DA:34,2
DA:36,2
DA:38,2
DA:40,2
DA:47,0
LF:7
LH:6
BRDA:47,0,0,0
BRDA:47,0,1,0
BRF:2
BRH:0
end_of_record
