TN:
SF:src/client.ts
FN:26,(anonymous_0)
FN:38,(anonymous_1)
FN:47,(anonymous_2)
FN:96,(anonymous_3)
FN:107,(anonymous_4)
FN:116,(anonymous_5)
FN:126,(anonymous_6)
FN:141,(anonymous_7)
FN:151,(anonymous_8)
FN:161,(anonymous_9)
FN:173,(anonymous_10)
FN:183,(anonymous_11)
FN:193,(anonymous_12)
FN:207,(anonymous_13)
FN:217,(anonymous_14)
FN:231,(anonymous_15)
FN:246,(anonymous_16)
FN:262,(anonymous_17)
FN:277,(anonymous_18)
FN:289,(anonymous_19)
FN:299,(anonymous_20)
FN:309,(anonymous_21)
FNF:22
FNH:8
FNDA:11,(anonymous_0)
FNDA:10,(anonymous_1)
FNDA:1,(anonymous_2)
FNDA:1,(anonymous_3)
FNDA:6,(anonymous_4)
FNDA:2,(anonymous_5)
FNDA:1,(anonymous_6)
FNDA:1,(anonymous_7)
FNDA:0,(anonymous_8)
FNDA:0,(anonymous_9)
FNDA:0,(anonymous_10)
FNDA:0,(anonymous_11)
FNDA:0,(anonymous_12)
FNDA:0,(anonymous_13)
FNDA:0,(anonymous_14)
FNDA:0,(anonymous_15)
FNDA:0,(anonymous_16)
FNDA:0,(anonymous_17)
FNDA:0,(anonymous_18)
FNDA:0,(anonymous_19)
FNDA:0,(anonymous_20)
FNDA:0,(anonymous_21)
DA:8,1
DA:9,1
DA:10,1
DA:20,1
DA:21,11
DA:22,11
DA:27,11
DA:28,1
DA:31,10
DA:32,10
DA:39,10
DA:40,1
DA:43,9
DA:45,9
DA:46,9
DA:47,9
DA:49,9
DA:50,1
DA:51,1
DA:52,1
DA:53,1
DA:59,8
DA:61,1
DA:62,1
DA:63,7
DA:65,7
DA:66,0
DA:68,0
DA:69,0
DA:70,0
DA:72,0
DA:74,0
DA:78,8
DA:86,8
DA:87,8
DA:89,0
DA:97,1
DA:98,1
DA:99,1
DA:100,1
DA:108,6
DA:117,2
DA:118,1
DA:120,2
DA:132,1
DA:133,0
DA:135,1
DA:142,1
DA:143,0
DA:145,1
DA:152,0
DA:153,0
DA:155,0
DA:162,0
DA:163,0
DA:165,0
DA:174,0
DA:175,0
DA:177,0
DA:184,0
DA:185,0
DA:187,0
DA:198,0
DA:199,0
DA:201,0
DA:208,0
DA:209,0
DA:211,0
DA:222,0
DA:223,0
DA:225,0
DA:237,0
DA:238,0
DA:240,0
DA:251,0
DA:252,0
DA:254,0
DA:268,0
DA:269,0
DA:271,0
DA:278,0
DA:279,0
DA:281,0
DA:290,0
DA:291,0
DA:293,0
DA:300,0
DA:301,0
DA:303,0
DA:310,0
DA:311,0
DA:313,0
LF:92
LH:41
BRDA:27,0,0,1
BRDA:39,1,0,1
BRDA:49,2,0,1
BRDA:59,3,0,1
BRDA:59,3,1,7
BRDA:63,4,0,7
BRDA:63,4,1,0
BRDA:66,5,0,0
BRDA:66,5,1,0
BRDA:70,6,0,0
BRDA:70,6,1,0
BRDA:81,7,0,8
BRDA:81,7,1,8
BRDA:89,8,0,0
BRDA:89,8,1,0
BRDA:97,9,0,1
BRDA:108,10,0,6
BRDA:108,10,1,4
BRDA:117,11,0,1
BRDA:132,12,0,0
BRDA:142,13,0,0
BRDA:152,14,0,0
BRDA:161,15,0,0
BRDA:162,16,0,0
BRDA:174,17,0,0
BRDA:184,18,0,0
BRDA:198,19,0,0
BRDA:208,20,0,0
BRDA:222,21,0,0
BRDA:237,22,0,0
BRDA:251,23,0,0
BRDA:268,24,0,0
BRDA:277,25,0,0
BRDA:278,26,0,0
BRDA:289,27,0,0
BRDA:290,28,0,0
BRDA:299,29,0,0
BRDA:300,30,0,0
BRDA:309,31,0,0
BRDA:310,32,0,0
BRF:40
BRH:12
end_of_record
TN:
SF:src/server-factory.ts
FN:37,createServer
FN:64,(anonymous_1)
FN:71,(anonymous_2)
FNF:3
FNH:1
FNDA:9,createServer
FNDA:0,(anonymous_1)
FNDA:0,(anonymous_2)
DA:8,1
DA:9,1
DA:15,1
DA:16,1
DA:37,1
DA:42,9
DA:43,1
DA:47,8
DA:48,8
DA:51,8
DA:64,8
DA:65,0
DA:71,8
DA:72,0
DA:74,0
DA:76,0
DA:78,0
DA:79,0
DA:86,0
DA:88,0
DA:98,0
DA:99,0
DA:103,0
DA:110,8
LF:24
LH:13
BRDA:40,0,0,6
BRDA:42,1,0,1
BRDA:53,2,0,8
BRDA:53,2,1,6
BRDA:54,3,0,8
BRDA:54,3,1,6
BRDA:78,4,0,0
BRDA:86,5,0,0
BRDA:86,5,1,0
BRDA:98,6,0,0
BRDA:105,7,0,0
BRDA:105,7,1,0
BRF:12
BRH:6
end_of_record
TN:
SF:src/server.ts
FN:16,main
FN:51,setupShutdownHandlers
FN:52,(anonymous_2)
FN:57,(anonymous_3)
FN:58,(anonymous_4)
FN:65,(anonymous_5)
FNF:6
FNH:0
FNDA:0,main
FNDA:0,setupShutdownHandlers
FNDA:0,(anonymous_2)
FNDA:0,(anonymous_3)
FNDA:0,(anonymous_4)
FNDA:0,(anonymous_5)
DA:18,0
DA:20,0
DA:21,0
DA:22,0
DA:23,0
DA:26,0
DA:29,0
DA:35,0
DA:38,0
DA:41,0
DA:43,0
DA:44,0
DA:52,0
DA:53,0
DA:54,0
DA:57,0
DA:58,0
DA:62,0
DA:65,0
DA:66,0
DA:67,0
LF:21
LH:0
BRDA:20,0,0,0
BRF:1
BRH:0
end_of_record
TN:
SF:src/api-client/errors.ts
FN:11,(anonymous_0)
FN:26,(anonymous_1)
FN:40,(anonymous_2)
FN:51,(anonymous_3)
FN:66,(anonymous_4)
FN:77,(anonymous_5)
FN:88,(anonymous_6)
FNF:7
FNH:6
FNDA:9,(anonymous_0)
FNDA:1,(anonymous_1)
FNDA:1,(anonymous_2)
FNDA:2,(anonymous_3)
FNDA:3,(anonymous_4)
FNDA:0,(anonymous_5)
FNDA:1,(anonymous_6)
DA:10,1
DA:13,9
DA:14,9
DA:16,9
DA:17,9
DA:18,9
DA:25,1
DA:27,1
DA:30,1
DA:31,1
DA:32,1
DA:39,1
DA:41,1
DA:42,1
DA:43,1
DA:50,1
DA:53,2
DA:56,2
DA:57,2
DA:58,2
DA:65,1
DA:67,3
DA:68,3
DA:69,3
DA:76,1
DA:77,0
DA:78,0
DA:79,0
DA:80,0
DA:87,1
DA:88,1
DA:89,1
DA:90,1
DA:91,1
LF:34
LH:30
BRDA:40,0,0,0
BRDA:66,1,0,0
BRDA:77,2,0,0
BRF:3
BRH:0
end_of_record
TN:
SF:src/api-client/task-api-client.ts
FN:76,(anonymous_0)
FN:89,(anonymous_1)
FN:104,(anonymous_2)
FN:118,(anonymous_3)
FN:125,(anonymous_4)
FN:132,(anonymous_5)
FN:139,(anonymous_6)
FN:148,(anonymous_7)
FN:157,(anonymous_8)
FN:164,(anonymous_9)
FN:175,(anonymous_10)
FN:184,(anonymous_11)
FN:195,(anonymous_12)
FN:211,(anonymous_13)
FN:227,(anonymous_14)
FN:240,(anonymous_15)
FN:249,(anonymous_16)
FN:254,(anonymous_17)
FN:260,(anonymous_18)
FN:270,(anonymous_19)
FN:318,(anonymous_20)
FN:350,(anonymous_21)
FN:370,(anonymous_22)
FN:380,(anonymous_23)
FN:381,(anonymous_24)
FNF:25
FNH:24
FNDA:28,(anonymous_0)
FNDA:7,(anonymous_1)
FNDA:2,(anonymous_2)
FNDA:2,(anonymous_3)
FNDA:1,(anonymous_4)
FNDA:1,(anonymous_5)
FNDA:1,(anonymous_6)
FNDA:1,(anonymous_7)
FNDA:1,(anonymous_8)
FNDA:1,(anonymous_9)
FNDA:1,(anonymous_10)
FNDA:1,(anonymous_11)
FNDA:1,(anonymous_12)
FNDA:1,(anonymous_13)
FNDA:1,(anonymous_14)
FNDA:1,(anonymous_15)
FNDA:23,(anonymous_16)
FNDA:25,(anonymous_17)
FNDA:25,(anonymous_18)
FNDA:0,(anonymous_19)
FNDA:7,(anonymous_20)
FNDA:25,(anonymous_21)
FNDA:3,(anonymous_22)
FNDA:2,(anonymous_23)
FNDA:2,(anonymous_24)
DA:24,1
DA:69,1
DA:77,28
DA:78,28
DA:79,28
DA:80,28
DA:81,28
DA:90,7
DA:91,7
DA:92,7
DA:93,7
DA:95,7
DA:96,7
DA:98,7
DA:105,2
DA:106,2
DA:108,1
DA:109,1
DA:111,0
DA:119,2
DA:126,1
DA:133,1
DA:140,1
DA:149,1
DA:158,1
DA:169,1
DA:176,1
DA:189,1
DA:201,1
DA:216,1
DA:228,1
DA:229,1
DA:231,1
DA:232,1
DA:234,1
DA:241,1
DA:254,25
DA:265,25
DA:267,25
DA:269,25
DA:270,25
DA:272,25
DA:273,25
DA:283,24
DA:285,24
DA:286,7
DA:290,17
DA:291,9
DA:294,8
DA:295,8
DA:296,8
DA:298,8
DA:300,8
DA:301,7
DA:304,1
DA:305,0
DA:308,1
DA:320,7
DA:321,7
DA:323,0
DA:326,7
DA:328,7
DA:330,7
DA:332,2
DA:334,1
DA:336,1
DA:341,3
DA:343,0
DA:354,25
DA:355,25
DA:357,8
DA:358,2
DA:359,2
DA:360,2
DA:361,2
DA:363,6
DA:371,3
DA:372,1
DA:373,1
DA:374,1
DA:381,2
LF:81
LH:77
BRDA:79,0,0,28
BRDA:79,0,1,3
BRDA:80,1,0,28
BRDA:80,1,1,1
BRDA:91,2,0,1
BRDA:92,3,0,1
BRDA:93,4,0,1
BRDA:96,5,0,1
BRDA:96,5,1,6
BRDA:108,6,0,1
BRDA:108,7,0,1
BRDA:108,7,1,1
BRDA:229,8,0,1
BRDA:232,9,0,1
BRDA:232,9,1,0
BRDA:267,10,0,0
BRDA:267,10,1,0
BRDA:279,11,0,10
BRDA:279,11,1,15
BRDA:285,12,0,7
BRDA:290,13,0,9
BRDA:290,14,0,17
BRDA:290,14,1,8
BRDA:300,15,0,7
BRDA:304,16,0,0
BRDA:309,17,0,1
BRDA:309,17,1,0
BRDA:310,18,0,1
BRDA:310,18,1,0
BRDA:326,19,0,7
BRDA:326,19,1,0
BRDA:326,19,2,0
BRDA:330,20,0,2
BRDA:330,20,1,1
BRDA:330,20,2,1
BRDA:330,20,3,3
BRDA:330,20,4,3
BRDA:330,20,5,3
BRDA:330,20,6,3
BRDA:330,20,7,0
BRDA:352,21,0,23
BRDA:357,22,0,2
BRDA:357,23,0,8
BRDA:357,23,1,3
BRDA:371,24,0,2
BRDA:372,25,0,0
BRDA:373,26,0,0
BRF:47
BRH:36
end_of_record
TN:
SF:src/constant/collections.ts
FN:18,getUserTasks
FN:36,getUserTask
FN:57,getUserTaskMessages
FN:79,getUserTaskMessage
FN:102,getUserTaskEvents
FN:120,getUserTaskEvent
FNF:6
FNH:3
FNDA:16,getUserTasks
FNDA:11,getUserTask
FNDA:3,getUserTaskMessages
FNDA:0,getUserTaskMessage
FNDA:0,getUserTaskEvents
FNDA:0,getUserTaskEvent
DA:18,2
DA:19,16
DA:20,0
DA:22,16
DA:36,2
DA:37,11
DA:38,0
DA:40,11
DA:41,0
DA:43,11
DA:57,2
DA:58,3
DA:59,0
DA:61,3
DA:62,0
DA:64,3
DA:79,2
DA:80,0
DA:81,0
DA:83,0
DA:84,0
DA:86,0
DA:87,0
DA:89,0
DA:102,2
DA:103,0
DA:104,0
DA:106,0
DA:120,2
DA:121,0
DA:122,0
DA:124,0
DA:125,0
DA:127,0
LF:34
LH:14
BRDA:19,0,0,0
BRDA:37,1,0,0
BRDA:40,2,0,0
BRDA:58,3,0,0
BRDA:61,4,0,0
BRDA:80,5,0,0
BRDA:83,6,0,0
BRDA:86,7,0,0
BRDA:103,8,0,0
BRDA:121,9,0,0
BRDA:124,10,0,0
BRF:11
BRH:0
end_of_record
TN:
SF:src/dto/transformers.ts
FN:23,toTaskItemApiResponse
FN:38,toMilestoneApiResponse
FN:55,toTaskProgressApiResponse
FN:62,(anonymous_3)
FN:73,toTaskConfigApiResponse
FN:84,toTaskMetadataApiResponse
FN:102,toTaskApiResponse
FN:126,toTaskMessageApiResponse
FN:140,toTaskListApiResponse
FN:153,toTaskMessageListApiResponse
FNF:10
FNH:10
FNDA:4,toTaskItemApiResponse
FNDA:3,toMilestoneApiResponse
FNDA:5,toTaskProgressApiResponse
FNDA:1,(anonymous_3)
FNDA:6,toTaskConfigApiResponse
FNDA:7,toTaskMetadataApiResponse
FNDA:4,toTaskApiResponse
FNDA:4,toTaskMessageApiResponse
FNDA:2,toTaskListApiResponse
FNDA:2,toTaskMessageListApiResponse
DA:23,1
DA:24,4
DA:38,1
DA:39,3
DA:55,1
DA:56,5
DA:62,1
DA:73,1
DA:74,6
DA:84,1
DA:87,7
DA:88,4
DA:91,3
DA:102,1
DA:103,4
DA:126,1
DA:127,4
DA:140,1
DA:144,2
DA:153,1
DA:157,2
LF:21
LH:21
BRDA:87,0,0,4
BRF:1
BRH:1
end_of_record
TN:
SF:src/schemas/task.ts
FNF:0
FNH:0
DA:8,2
DA:14,2
DA:30,2
DA:44,2
DA:56,2
DA:69,2
DA:79,2
DA:89,2
DA:110,2
DA:130,2
DA:138,2
DA:144,2
DA:150,2
LF:13
LH:13
BRF:0
BRH:0
end_of_record
TN:
SF:src/services/task-database.service.ts
FN:18,(anonymous_0)
FN:25,(anonymous_1)
FN:37,(anonymous_2)
FN:86,(anonymous_3)
FN:109,(anonymous_4)
FN:126,(anonymous_5)
FN:151,(anonymous_6)
FN:160,(anonymous_7)
FN:173,(anonymous_8)
FN:183,(anonymous_9)
FN:198,(anonymous_10)
FN:223,(anonymous_11)
FN:236,(anonymous_12)
FN:245,(anonymous_13)
FN:260,(anonymous_14)
FN:277,(anonymous_15)
FN:294,(anonymous_16)
FN:303,(anonymous_17)
FN:323,(anonymous_18)
FN:338,(anonymous_19)
FN:365,(anonymous_20)
FN:378,(anonymous_21)
FN:398,(anonymous_22)
FN:415,(anonymous_23)
FN:430,(anonymous_24)
FN:443,(anonymous_25)
FN:450,(anonymous_26)
FN:457,(anonymous_27)
FN:465,(anonymous_28)
FNF:29
FNH:17
FNDA:1,(anonymous_0)
FNDA:15,(anonymous_1)
FNDA:2,(anonymous_2)
FNDA:2,(anonymous_3)
FNDA:0,(anonymous_4)
FNDA:2,(anonymous_5)
FNDA:1,(anonymous_6)
FNDA:2,(anonymous_7)
FNDA:2,(anonymous_8)
FNDA:3,(anonymous_9)
FNDA:1,(anonymous_10)
FNDA:1,(anonymous_11)
FNDA:2,(anonymous_12)
FNDA:0,(anonymous_13)
FNDA:3,(anonymous_14)
FNDA:0,(anonymous_15)
FNDA:0,(anonymous_16)
FNDA:0,(anonymous_17)
FNDA:0,(anonymous_18)
FNDA:0,(anonymous_19)
FNDA:0,(anonymous_20)
FNDA:0,(anonymous_21)
FNDA:0,(anonymous_22)
FNDA:1,(anonymous_23)
FNDA:1,(anonymous_24)
FNDA:0,(anonymous_25)
FNDA:0,(anonymous_26)
FNDA:1,(anonymous_27)
FNDA:2,(anonymous_28)
DA:8,2
DA:9,2
DA:10,2
DA:12,2
DA:13,2
DA:19,1
DA:26,15
DA:27,0
DA:29,15
DA:44,2
DA:45,2
DA:47,2
DA:74,2
DA:75,2
DA:77,2
DA:87,2
DA:88,2
DA:89,2
DA:91,2
DA:92,1
DA:95,1
DA:96,1
DA:98,1
DA:99,0
DA:100,0
DA:103,1
DA:114,0
DA:115,0
DA:117,0
DA:131,2
DA:132,2
DA:133,2
DA:139,2
DA:140,1
DA:141,1
DA:142,1
DA:145,2
DA:152,1
DA:153,1
DA:156,1
DA:157,1
DA:159,1
DA:160,1
DA:161,2
DA:165,1
DA:167,1
DA:174,2
DA:175,2
DA:177,2
DA:182,2
DA:183,2
DA:184,3
DA:185,3
DA:186,3
DA:190,2
DA:205,1
DA:206,1
DA:208,1
DA:216,1
DA:217,1
DA:228,1
DA:229,1
DA:231,1
DA:236,2
DA:250,0
DA:251,0
DA:252,0
DA:265,3
DA:266,3
DA:268,3
DA:282,0
DA:283,0
DA:285,0
DA:300,0
DA:301,0
DA:303,0
DA:304,0
DA:306,0
DA:311,0
DA:312,0
DA:314,0
DA:328,0
DA:344,0
DA:345,0
DA:347,0
DA:348,0
DA:351,0
DA:353,0
DA:354,0
DA:356,0
DA:372,0
DA:373,0
DA:375,0
DA:376,0
DA:378,0
DA:379,0
DA:381,0
DA:386,0
DA:387,0
DA:389,0
DA:404,0
DA:420,1
DA:421,1
DA:423,1
DA:429,1
DA:430,1
DA:431,1
DA:432,1
DA:433,1
DA:437,1
DA:444,0
DA:451,0
DA:462,1
DA:464,1
DA:465,1
DA:466,2
LF:116
LH:74
BRDA:19,0,0,1
BRDA:19,0,1,0
BRDA:26,1,0,0
BRDA:67,2,0,2
BRDA:67,2,1,2
BRDA:68,3,0,2
BRDA:68,3,1,1
BRDA:69,4,0,2
BRDA:69,4,1,1
BRDA:91,5,0,1
BRDA:98,6,0,0
BRDA:139,7,0,1
BRDA:139,7,1,1
BRDA:141,8,0,1
BRDA:141,9,0,1
BRDA:141,9,1,0
BRDA:173,10,0,0
BRDA:185,11,0,3
BRDA:213,12,0,1
BRDA:213,12,1,1
BRDA:226,13,0,1
BRDA:301,14,0,0
BRDA:304,15,0,0
BRDA:345,16,0,0
BRDA:347,17,0,0
BRDA:373,18,0,0
BRDA:376,19,0,0
BRDA:379,20,0,0
BRDA:418,21,0,1
BRDA:432,22,0,1
BRDA:443,23,0,0
BRDA:450,24,0,0
BRDA:460,25,0,1
BRDA:466,26,0,2
BRDA:466,26,1,1
BRF:35
BRH:21
end_of_record
TN:
SF:src/tools/index.ts
FN:53,(anonymous_0)
FN:54,(anonymous_1)
FN:55,(anonymous_2)
FN:56,(anonymous_3)
FN:57,(anonymous_4)
FN:58,(anonymous_5)
FN:59,(anonymous_6)
FN:60,(anonymous_7)
FN:61,(anonymous_8)
FN:62,(anonymous_9)
FN:63,(anonymous_10)
FN:64,(anonymous_11)
FN:65,(anonymous_12)
FN:66,(anonymous_13)
FN:67,(anonymous_14)
FN:68,(anonymous_15)
FN:47,getToolHandler
FNF:17
FNH:0
FNDA:0,(anonymous_0)
FNDA:0,(anonymous_1)
FNDA:0,(anonymous_2)
FNDA:0,(anonymous_3)
FNDA:0,(anonymous_4)
FNDA:0,(anonymous_5)
FNDA:0,(anonymous_6)
FNDA:0,(anonymous_7)
FNDA:0,(anonymous_8)
FNDA:0,(anonymous_9)
FNDA:0,(anonymous_10)
FNDA:0,(anonymous_11)
FNDA:0,(anonymous_12)
FNDA:0,(anonymous_13)
FNDA:0,(anonymous_14)
FNDA:0,(anonymous_15)
FNDA:0,getToolHandler
DA:7,1
DA:8,1
DA:9,1
DA:10,1
DA:11,1
DA:12,1
DA:13,1
DA:14,1
DA:19,1
DA:33,1
DA:47,1
DA:48,0
DA:53,1
DA:54,1
DA:55,1
DA:56,1
DA:57,1
DA:58,1
DA:59,1
DA:60,1
DA:61,1
DA:62,1
DA:63,1
DA:64,1
DA:65,1
DA:66,1
DA:67,1
DA:68,1
LF:28
LH:27
BRF:0
BRH:0
end_of_record
TN:
SF:src/tools/task-add-message.ts
FN:37,handleTaskAddMessage
FNF:1
FNH:1
FNDA:1,handleTaskAddMessage
DA:9,2
DA:37,2
DA:46,1
DA:47,1
DA:54,1
DA:62,0
LF:6
LH:5
BRDA:62,0,0,0
BRDA:62,0,1,0
BRF:2
BRH:0
end_of_record
TN:
SF:src/tools/task-complete-task-item.ts
FN:32,handleTaskCompleteTaskItem
FN:48,(anonymous_1)
FN:50,(anonymous_2)
FN:65,(anonymous_3)
FNF:4
FNH:4
FNDA:1,handleTaskCompleteTaskItem
FNDA:1,(anonymous_1)
FNDA:2,(anonymous_2)
FNDA:2,(anonymous_3)
DA:9,2
DA:32,2
DA:36,1
DA:38,1
DA:41,1
DA:43,1
DA:44,0
DA:48,1
DA:49,1
DA:50,2
DA:53,1
DA:55,1
DA:56,1
DA:64,1
DA:65,2
DA:68,1
DA:84,0
LF:17
LH:15
BRDA:43,0,0,0
BRDA:49,1,0,1
BRDA:49,1,1,0
BRDA:53,2,0,1
BRDA:53,2,1,0
BRDA:55,3,0,1
BRDA:55,4,0,1
BRDA:55,4,1,1
BRDA:65,5,0,2
BRDA:65,5,1,1
BRDA:75,6,0,1
BRDA:75,6,1,0
BRDA:79,7,0,1
BRDA:79,7,1,0
BRDA:84,8,0,0
BRDA:84,8,1,0
BRF:16
BRH:9
end_of_record
TN:
SF:src/tools/task-create-milestone.ts
FN:37,handleTaskCreateMilestone
FNF:1
FNH:1
FNDA:1,handleTaskCreateMilestone
DA:10,2
DA:37,2
DA:41,1
DA:42,1
DA:52,1
DA:54,1
DA:65,0
LF:7
LH:6
BRDA:65,0,0,0
BRDA:65,0,1,0
BRF:2
BRH:0
end_of_record
TN:
SF:src/tools/task-create-task-item.ts
FN:45,handleTaskCreateTaskItem
FNF:1
FNH:1
FNDA:1,handleTaskCreateTaskItem
DA:10,2
DA:45,2
DA:56,1
DA:57,1
DA:65,1
DA:68,1
DA:69,1
DA:70,1
DA:71,1
DA:76,1
DA:89,0
LF:11
LH:10
BRDA:69,0,0,1
BRDA:70,1,0,1
BRDA:70,1,1,0
BRDA:89,2,0,0
BRDA:89,2,1,0
BRF:5
BRH:2
end_of_record
TN:
SF:src/tools/task-get-next-step.ts
FN:25,handleTaskGetNextStep
FN:55,(anonymous_1)
FN:69,(anonymous_2)
FN:75,(anonymous_3)
FNF:4
FNH:3
FNDA:3,handleTaskGetNextStep
FNDA:1,(anonymous_1)
FNDA:1,(anonymous_2)
FNDA:0,(anonymous_3)
DA:10,2
DA:25,2
DA:29,3
DA:30,3
DA:32,3
DA:33,0
DA:37,3
DA:38,1
DA:45,2
DA:46,0
DA:54,2
DA:55,1
DA:58,2
DA:59,1
DA:67,1
DA:68,1
DA:69,1
DA:72,1
DA:74,0
DA:75,0
DA:78,0
DA:79,0
DA:87,0
DA:105,1
DA:123,0
LF:25
LH:17
BRDA:32,0,0,0
BRDA:37,1,0,1
BRDA:45,2,0,0
BRDA:58,3,0,1
BRDA:67,4,0,1
BRDA:67,4,1,0
BRDA:72,5,0,0
BRDA:75,6,0,0
BRDA:75,6,1,0
BRDA:78,7,0,0
BRDA:120,8,0,0
BRDA:120,8,1,1
BRDA:123,9,0,0
BRDA:123,9,1,0
BRF:14
BRH:4
end_of_record
TN:
SF:src/tools/task-get-status.ts
FN:25,handleTaskGetStatus
FN:38,(anonymous_1)
FN:46,(anonymous_2)
FN:70,(anonymous_3)
FN:71,(anonymous_4)
FNF:5
FNH:5
FNDA:4,handleTaskGetStatus
FNDA:3,(anonymous_1)
FNDA:1,(anonymous_2)
FNDA:4,(anonymous_3)
FNDA:4,(anonymous_4)
DA:10,2
DA:25,2
DA:29,4
DA:30,4
DA:32,4
DA:33,1
DA:37,3
DA:38,3
DA:42,3
DA:43,3
DA:44,1
DA:45,1
DA:46,1
DA:50,3
DA:70,4
DA:71,4
DA:75,1
LF:17
LH:17
BRDA:32,0,0,1
BRDA:43,1,0,1
BRDA:43,2,0,3
BRDA:43,2,1,1
BRDA:44,3,0,1
BRDA:44,3,1,0
BRDA:55,4,0,2
BRDA:55,4,1,1
BRDA:63,5,0,1
BRDA:63,5,1,2
BRDA:75,6,0,1
BRDA:75,6,1,0
BRF:12
BRH:10
end_of_record
TN:
SF:src/tools/task-report-completion.ts
FN:39,handleTaskReportCompletion
FNF:1
FNH:0
FNDA:0,handleTaskReportCompletion
DA:9,1
DA:10,1
DA:12,1
DA:39,1
DA:48,0
DA:50,0
DA:51,0
DA:60,0
DA:67,0
DA:71,0
DA:72,0
DA:74,0
DA:84,0
LF:13
LH:4
BRDA:50,0,0,0
BRDA:84,1,0,0
BRDA:84,1,1,0
BRF:3
BRH:0
end_of_record
TN:
SF:src/tools/task-update-progress.ts
FN:30,handleTaskUpdateProgress
FNF:1
FNH:1
FNDA:2,handleTaskUpdateProgress
DA:9,2
DA:30,2
DA:34,2
DA:36,2
DA:38,2
DA:40,2
DA:47,0
LF:7
LH:6
BRDA:47,0,0,0
BRDA:47,0,1,0
BRF:2
BRH:0
end_of_record
